<?xml version="1.0" encoding="UTF-8"?>
<coverage generated="1660841763880" clover="3.2.0">
  <project timestamp="1660841763880" name="All files">
    <metrics statements="72" coveredstatements="35" conditionals="19" coveredconditionals="8" methods="13" coveredmethods="7" elements="104" coveredelements="50" complexity="0" loc="72" ncloc="72" packages="1" files="2" classes="2"/>
    <file name="addAndRemove.js" path="D:\repos\module 2\block 2\ToDoList-Project\ToDoList-Project\src\addAndRemove.js">
      <metrics statements="30" coveredstatements="24" conditionals="7" coveredconditionals="4" methods="7" coveredmethods="6"/>
      <line num="1" count="2" type="stmt"/>
      <line num="5" count="10" type="stmt"/>
      <line num="6" count="10" type="stmt"/>
      <line num="7" count="10" type="stmt"/>
      <line num="11" count="47" type="stmt"/>
      <line num="19" count="10" type="cond" truecount="2" falsecount="0"/>
      <line num="20" count="8" type="stmt"/>
      <line num="21" count="8" type="stmt"/>
      <line num="24" count="10" type="stmt"/>
      <line num="25" count="10" type="cond" truecount="1" falsecount="1"/>
      <line num="27" count="10" type="stmt"/>
      <line num="28" count="10" type="stmt"/>
      <line num="30" count="10" type="stmt"/>
      <line num="31" count="10" type="stmt"/>
      <line num="32" count="10" type="stmt"/>
      <line num="33" count="10" type="stmt"/>
      <line num="38" count="4" type="stmt"/>
      <line num="39" count="4" type="stmt"/>
      <line num="40" count="4" type="stmt"/>
      <line num="42" count="4" type="stmt"/>
      <line num="43" count="4" type="stmt"/>
      <line num="47" count="16" type="stmt"/>
      <line num="48" count="54" type="stmt"/>
      <line num="50" count="16" type="stmt"/>
      <line num="54" count="0" type="stmt"/>
      <line num="55" count="0" type="stmt"/>
      <line num="56" count="0" type="cond" truecount="0" falsecount="2"/>
      <line num="57" count="0" type="stmt"/>
      <line num="58" count="0" type="stmt"/>
      <line num="61" count="0" type="stmt"/>
    </file>
    <file name="modalMenu.js" path="D:\repos\module 2\block 2\ToDoList-Project\ToDoList-Project\src\modalMenu.js">
      <metrics statements="42" coveredstatements="11" conditionals="12" coveredconditionals="4" methods="6" coveredmethods="1"/>
      <line num="3" count="1" type="stmt"/>
      <line num="4" count="1" type="stmt"/>
      <line num="9" count="0" type="stmt"/>
      <line num="10" count="0" type="stmt"/>
      <line num="12" count="0" type="stmt"/>
      <line num="15" count="0" type="stmt"/>
      <line num="17" count="0" type="cond" truecount="0" falsecount="2"/>
      <line num="18" count="0" type="stmt"/>
      <line num="19" count="0" type="stmt"/>
      <line num="20" count="0" type="stmt"/>
      <line num="21" count="0" type="stmt"/>
      <line num="22" count="0" type="stmt"/>
      <line num="23" count="0" type="stmt"/>
      <line num="24" count="0" type="stmt"/>
      <line num="29" count="0" type="stmt"/>
      <line num="33" count="0" type="stmt"/>
      <line num="36" count="0" type="stmt"/>
      <line num="38" count="0" type="stmt"/>
      <line num="39" count="0" type="stmt"/>
      <line num="40" count="0" type="stmt"/>
      <line num="42" count="0" type="cond" truecount="0" falsecount="2"/>
      <line num="43" count="0" type="cond" truecount="0" falsecount="2"/>
      <line num="44" count="0" type="stmt"/>
      <line num="45" count="0" type="stmt"/>
      <line num="46" count="0" type="stmt"/>
      <line num="47" count="0" type="stmt"/>
      <line num="48" count="0" type="stmt"/>
      <line num="50" count="0" type="stmt"/>
      <line num="51" count="0" type="stmt"/>
      <line num="52" count="0" type="stmt"/>
      <line num="53" count="0" type="stmt"/>
      <line num="54" count="0" type="stmt"/>
      <line num="57" count="0" type="stmt"/>
      <line num="64" count="1" type="stmt"/>
      <line num="65" count="1" type="cond" truecount="1" falsecount="1"/>
      <line num="66" count="1" type="cond" truecount="1" falsecount="1"/>
      <line num="67" count="1" type="stmt"/>
      <line num="70" count="1" type="stmt"/>
      <line num="72" count="3" type="cond" truecount="2" falsecount="0"/>
      <line num="73" count="1" type="stmt"/>
      <line num="74" count="1" type="stmt"/>
      <line num="77" count="1" type="stmt"/>
    </file>
  </project>
</coverage>
