<?xml version="1.0" encoding="UTF-8"?>
<coverage generated="1660788290136" clover="3.2.0">
  <project timestamp="1660788290136" name="All files">
    <metrics statements="31" coveredstatements="25" conditionals="7" coveredconditionals="5" methods="7" coveredmethods="6" elements="45" coveredelements="36" complexity="0" loc="31" ncloc="31" packages="1" files="1" classes="1"/>
    <file name="addAndRemove.js" path="D:\repos\module 2\block 2\ToDoList-Project\ToDoList-Project\src\addAndRemove.js">
      <metrics statements="31" coveredstatements="25" conditionals="7" coveredconditionals="5" methods="7" coveredmethods="6"/>
      <line num="1" count="1" type="stmt"/>
      <line num="5" count="2" type="stmt"/>
      <line num="6" count="2" type="stmt"/>
      <line num="7" count="2" type="stmt"/>
      <line num="11" count="4" type="stmt"/>
      <line num="19" count="3" type="cond" truecount="2" falsecount="0"/>
      <line num="20" count="2" type="stmt"/>
      <line num="21" count="2" type="stmt"/>
      <line num="24" count="3" type="stmt"/>
      <line num="25" count="3" type="cond" truecount="2" falsecount="0"/>
      <line num="29" count="2" type="stmt"/>
      <line num="30" count="2" type="stmt"/>
      <line num="32" count="2" type="stmt"/>
      <line num="33" count="2" type="stmt"/>
      <line num="34" count="2" type="stmt"/>
      <line num="35" count="2" type="stmt"/>
      <line num="40" count="1" type="stmt"/>
      <line num="41" count="1" type="stmt"/>
      <line num="42" count="1" type="stmt"/>
      <line num="43" count="1" type="stmt"/>
      <line num="44" count="1" type="stmt"/>
      <line num="45" count="1" type="stmt"/>
      <line num="49" count="4" type="stmt"/>
      <line num="50" count="9" type="stmt"/>
      <line num="52" count="4" type="stmt"/>
      <line num="56" count="0" type="stmt"/>
      <line num="57" count="0" type="stmt"/>
      <line num="58" count="0" type="cond" truecount="0" falsecount="2"/>
      <line num="59" count="0" type="stmt"/>
      <line num="60" count="0" type="stmt"/>
      <line num="63" count="0" type="stmt"/>
    </file>
  </project>
</coverage>
