{"D:\\repos\\module 2\\block 2\\ToDoList-Project\\ToDoList-Project\\src\\addAndRemove.js": {"path":"D:\\repos\\module 2\\block 2\\ToDoList-Project\\ToDoList-Project\\src\\addAndRemove.js","statementMap":{"0":{"start":{"line":1,"column":16},"end":{"line":1,"column":18}},"1":{"start":{"line":5,"column":4},"end":{"line":5,"column":35}},"2":{"start":{"line":6,"column":4},"end":{"line":6,"column":27}},"3":{"start":{"line":7,"column":4},"end":{"line":7,"column":23}},"4":{"start":{"line":11,"column":4},"end":{"line":15,"column":16}},"5":{"start":{"line":11,"column":89},"end":{"line":15,"column":5}},"6":{"start":{"line":19,"column":4},"end":{"line":22,"column":5}},"7":{"start":{"line":20,"column":25},"end":{"line":20,"column":65}},"8":{"start":{"line":21,"column":6},"end":{"line":21,"column":29}},"9":{"start":{"line":24,"column":18},"end":{"line":24,"column":61}},"10":{"start":{"line":25,"column":4},"end":{"line":25,"column":39}},"11":{"start":{"line":25,"column":22},"end":{"line":25,"column":39}},"12":{"start":{"line":27,"column":4},"end":{"line":27,"column":44}},"13":{"start":{"line":28,"column":4},"end":{"line":28,"column":27}},"14":{"start":{"line":30,"column":4},"end":{"line":30,"column":60}},"15":{"start":{"line":31,"column":4},"end":{"line":31,"column":32}},"16":{"start":{"line":32,"column":4},"end":{"line":32,"column":53}},"17":{"start":{"line":33,"column":4},"end":{"line":33,"column":21}},"18":{"start":{"line":38,"column":4},"end":{"line":38,"column":31}},"19":{"start":{"line":39,"column":4},"end":{"line":39,"column":27}},"20":{"start":{"line":40,"column":4},"end":{"line":40,"column":60}},"21":{"start":{"line":42,"column":4},"end":{"line":42,"column":32}},"22":{"start":{"line":43,"column":4},"end":{"line":43,"column":21}},"23":{"start":{"line":47,"column":4},"end":{"line":49,"column":5}},"24":{"start":{"line":47,"column":17},"end":{"line":47,"column":18}},"25":{"start":{"line":48,"column":6},"end":{"line":48,"column":25}},"26":{"start":{"line":50,"column":4},"end":{"line":50,"column":17}},"27":{"start":{"line":54,"column":26},"end":{"line":54,"column":44}},"28":{"start":{"line":55,"column":4},"end":{"line":60,"column":5}},"29":{"start":{"line":55,"column":17},"end":{"line":55,"column":18}},"30":{"start":{"line":56,"column":6},"end":{"line":59,"column":7}},"31":{"start":{"line":57,"column":8},"end":{"line":57,"column":66}},"32":{"start":{"line":58,"column":8},"end":{"line":58,"column":75}},"33":{"start":{"line":61,"column":4},"end":{"line":61,"column":25}}},"fnMap":{"0":{"name":"(anonymous_0)","decl":{"start":{"line":4,"column":2},"end":{"line":4,"column":3}},"loc":{"start":{"line":4,"column":50},"end":{"line":8,"column":3}},"line":4},"1":{"name":"(anonymous_1)","decl":{"start":{"line":10,"column":2},"end":{"line":10,"column":3}},"loc":{"start":{"line":10,"column":28},"end":{"line":16,"column":3}},"line":10},"2":{"name":"(anonymous_2)","decl":{"start":{"line":11,"column":71},"end":{"line":11,"column":72}},"loc":{"start":{"line":11,"column":89},"end":{"line":15,"column":5}},"line":11},"3":{"name":"(anonymous_3)","decl":{"start":{"line":18,"column":2},"end":{"line":18,"column":3}},"loc":{"start":{"line":18,"column":15},"end":{"line":34,"column":3}},"line":18},"4":{"name":"(anonymous_4)","decl":{"start":{"line":36,"column":2},"end":{"line":36,"column":3}},"loc":{"start":{"line":36,"column":23},"end":{"line":44,"column":3}},"line":36},"5":{"name":"(anonymous_5)","decl":{"start":{"line":46,"column":2},"end":{"line":46,"column":3}},"loc":{"start":{"line":46,"column":23},"end":{"line":51,"column":3}},"line":46},"6":{"name":"(anonymous_6)","decl":{"start":{"line":53,"column":2},"end":{"line":53,"column":3}},"loc":{"start":{"line":53,"column":23},"end":{"line":62,"column":3}},"line":53}},"branchMap":{"0":{"loc":{"start":{"line":4,"column":34},"end":{"line":4,"column":48}},"type":"default-arg","locations":[{"start":{"line":4,"column":43},"end":{"line":4,"column":48}}],"line":4},"1":{"loc":{"start":{"line":19,"column":4},"end":{"line":22,"column":5}},"type":"if","locations":[{"start":{"line":19,"column":4},"end":{"line":22,"column":5}},{"start":{},"end":{}}],"line":19},"2":{"loc":{"start":{"line":25,"column":4},"end":{"line":25,"column":39}},"type":"if","locations":[{"start":{"line":25,"column":4},"end":{"line":25,"column":39}},{"start":{},"end":{}}],"line":25},"3":{"loc":{"start":{"line":56,"column":6},"end":{"line":59,"column":7}},"type":"if","locations":[{"start":{"line":56,"column":6},"end":{"line":59,"column":7}},{"start":{},"end":{}}],"line":56}},"s":{"0":2,"1":10,"2":10,"3":10,"4":15,"5":47,"6":10,"7":8,"8":8,"9":10,"10":10,"11":0,"12":10,"13":10,"14":10,"15":10,"16":10,"17":10,"18":4,"19":4,"20":4,"21":4,"22":4,"23":16,"24":16,"25":54,"26":16,"27":0,"28":0,"29":0,"30":0,"31":0,"32":0,"33":0},"f":{"0":10,"1":15,"2":47,"3":10,"4":4,"5":16,"6":0},"b":{"0":[10],"1":[8,2],"2":[0,10],"3":[0,0]},"_coverageSchema":"1a1c01bbd47fc00a2c39e90264f33305004495a9","hash":"3b3b8ac3d67754e797c5bc9723d5f6fae302810f"}
,"D:\\repos\\module 2\\block 2\\ToDoList-Project\\ToDoList-Project\\src\\modalMenu.js": {"path":"D:\\repos\\module 2\\block 2\\ToDoList-Project\\ToDoList-Project\\src\\modalMenu.js","statementMap":{"0":{"start":{"line":3,"column":16},"end":{"line":3,"column":20}},"1":{"start":{"line":4,"column":18},"end":{"line":4,"column":20}},"2":{"start":{"line":9,"column":4},"end":{"line":9,"column":126}},"3":{"start":{"line":10,"column":4},"end":{"line":10,"column":92}},"4":{"start":{"line":12,"column":4},"end":{"line":12,"column":23}},"5":{"start":{"line":15,"column":22},"end":{"line":15,"column":70}},"6":{"start":{"line":17,"column":4},"end":{"line":26,"column":5}},"7":{"start":{"line":18,"column":6},"end":{"line":18,"column":24}},"8":{"start":{"line":19,"column":6},"end":{"line":25,"column":9}},"9":{"start":{"line":20,"column":8},"end":{"line":20,"column":68}},"10":{"start":{"line":21,"column":8},"end":{"line":21,"column":40}},"11":{"start":{"line":22,"column":8},"end":{"line":22,"column":93}},"12":{"start":{"line":23,"column":8},"end":{"line":23,"column":53}},"13":{"start":{"line":24,"column":8},"end":{"line":24,"column":35}},"14":{"start":{"line":29,"column":4},"end":{"line":29,"column":87}},"15":{"start":{"line":33,"column":4},"end":{"line":33,"column":89}},"16":{"start":{"line":36,"column":4},"end":{"line":36,"column":21}},"17":{"start":{"line":38,"column":4},"end":{"line":60,"column":7}},"18":{"start":{"line":39,"column":21},"end":{"line":39,"column":29}},"19":{"start":{"line":40,"column":20},"end":{"line":40,"column":36}},"20":{"start":{"line":42,"column":6},"end":{"line":59,"column":7}},"21":{"start":{"line":43,"column":8},"end":{"line":58,"column":9}},"22":{"start":{"line":44,"column":10},"end":{"line":44,"column":28}},"23":{"start":{"line":45,"column":24},"end":{"line":45,"column":42}},"24":{"start":{"line":46,"column":10},"end":{"line":46,"column":45}},"25":{"start":{"line":47,"column":10},"end":{"line":47,"column":32}},"26":{"start":{"line":48,"column":10},"end":{"line":48,"column":48}},"27":{"start":{"line":50,"column":10},"end":{"line":55,"column":13}},"28":{"start":{"line":51,"column":12},"end":{"line":51,"column":57}},"29":{"start":{"line":52,"column":12},"end":{"line":52,"column":39}},"30":{"start":{"line":53,"column":12},"end":{"line":53,"column":39}},"31":{"start":{"line":54,"column":12},"end":{"line":54,"column":47}},"32":{"start":{"line":57,"column":10},"end":{"line":57,"column":27}},"33":{"start":{"line":64,"column":4},"end":{"line":64,"column":21}},"34":{"start":{"line":65,"column":4},"end":{"line":65,"column":32}},"35":{"start":{"line":65,"column":25},"end":{"line":65,"column":32}},"36":{"start":{"line":66,"column":4},"end":{"line":68,"column":5}},"37":{"start":{"line":67,"column":6},"end":{"line":67,"column":61}},"38":{"start":{"line":70,"column":4},"end":{"line":76,"column":5}},"39":{"start":{"line":70,"column":17},"end":{"line":70,"column":18}},"40":{"start":{"line":72,"column":6},"end":{"line":75,"column":7}},"41":{"start":{"line":73,"column":8},"end":{"line":73,"column":46}},"42":{"start":{"line":74,"column":8},"end":{"line":74,"column":66}},"43":{"start":{"line":77,"column":4},"end":{"line":77,"column":23}}},"fnMap":{"0":{"name":"(anonymous_0)","decl":{"start":{"line":8,"column":2},"end":{"line":8,"column":3}},"loc":{"start":{"line":8,"column":27},"end":{"line":30,"column":3}},"line":8},"1":{"name":"(anonymous_1)","decl":{"start":{"line":19,"column":42},"end":{"line":19,"column":43}},"loc":{"start":{"line":19,"column":48},"end":{"line":25,"column":7}},"line":19},"2":{"name":"(anonymous_2)","decl":{"start":{"line":32,"column":2},"end":{"line":32,"column":3}},"loc":{"start":{"line":32,"column":22},"end":{"line":61,"column":3}},"line":32},"3":{"name":"(anonymous_3)","decl":{"start":{"line":38,"column":75},"end":{"line":38,"column":76}},"loc":{"start":{"line":38,"column":82},"end":{"line":60,"column":5}},"line":38},"4":{"name":"(anonymous_4)","decl":{"start":{"line":50,"column":42},"end":{"line":50,"column":43}},"loc":{"start":{"line":50,"column":48},"end":{"line":55,"column":11}},"line":50},"5":{"name":"(anonymous_5)","decl":{"start":{"line":63,"column":2},"end":{"line":63,"column":3}},"loc":{"start":{"line":63,"column":41},"end":{"line":78,"column":3}},"line":63}},"branchMap":{"0":{"loc":{"start":{"line":17,"column":4},"end":{"line":26,"column":5}},"type":"if","locations":[{"start":{"line":17,"column":4},"end":{"line":26,"column":5}},{"start":{},"end":{}}],"line":17},"1":{"loc":{"start":{"line":42,"column":6},"end":{"line":59,"column":7}},"type":"if","locations":[{"start":{"line":42,"column":6},"end":{"line":59,"column":7}},{"start":{},"end":{}}],"line":42},"2":{"loc":{"start":{"line":43,"column":8},"end":{"line":58,"column":9}},"type":"if","locations":[{"start":{"line":43,"column":8},"end":{"line":58,"column":9}},{"start":{"line":56,"column":15},"end":{"line":58,"column":9}}],"line":43},"3":{"loc":{"start":{"line":65,"column":4},"end":{"line":65,"column":32}},"type":"if","locations":[{"start":{"line":65,"column":4},"end":{"line":65,"column":32}},{"start":{},"end":{}}],"line":65},"4":{"loc":{"start":{"line":66,"column":4},"end":{"line":68,"column":5}},"type":"if","locations":[{"start":{"line":66,"column":4},"end":{"line":68,"column":5}},{"start":{},"end":{}}],"line":66},"5":{"loc":{"start":{"line":72,"column":6},"end":{"line":75,"column":7}},"type":"if","locations":[{"start":{"line":72,"column":6},"end":{"line":75,"column":7}},{"start":{},"end":{}}],"line":72}},"s":{"0":1,"1":1,"2":0,"3":0,"4":0,"5":0,"6":0,"7":0,"8":0,"9":0,"10":0,"11":0,"12":0,"13":0,"14":0,"15":0,"16":0,"17":0,"18":0,"19":0,"20":0,"21":0,"22":0,"23":0,"24":0,"25":0,"26":0,"27":0,"28":0,"29":0,"30":0,"31":0,"32":0,"33":1,"34":1,"35":0,"36":1,"37":1,"38":1,"39":1,"40":3,"41":1,"42":1,"43":1},"f":{"0":0,"1":0,"2":0,"3":0,"4":0,"5":1},"b":{"0":[0,0],"1":[0,0],"2":[0,0],"3":[0,1],"4":[1,0],"5":[1,2]},"_coverageSchema":"1a1c01bbd47fc00a2c39e90264f33305004495a9","hash":"b783f323235ff2d3ce977091767a755ddc181473"}
}
