TN:
SF:src\addAndRemove.js
FN:4,(anonymous_0)
FN:10,(anonymous_1)
FN:11,(anonymous_2)
FN:18,(anonymous_3)
FN:36,(anonymous_4)
FN:46,(anonymous_5)
FN:53,(anonymous_6)
FNF:7
FNH:6
FNDA:5,(anonymous_0)
FNDA:7,(anonymous_1)
FNDA:22,(anonymous_2)
FNDA:5,(anonymous_3)
FNDA:2,(anonymous_4)
FNDA:8,(anonymous_5)
FNDA:0,(anonymous_6)
DA:1,1
DA:5,5
DA:6,5
DA:7,5
DA:11,22
DA:19,5
DA:20,4
DA:21,4
DA:24,5
DA:25,5
DA:27,5
DA:28,5
DA:30,5
DA:31,5
DA:32,5
DA:33,5
DA:38,2
DA:39,2
DA:40,2
DA:42,2
DA:43,2
DA:47,8
DA:48,27
DA:50,8
DA:54,0
DA:55,0
DA:56,0
DA:57,0
DA:58,0
DA:61,0
LF:30
LH:24
BRDA:4,0,0,5
BRDA:19,1,0,4
BRDA:19,1,1,1
BRDA:25,2,0,0
BRDA:25,2,1,5
BRDA:56,3,0,0
BRDA:56,3,1,0
BRF:7
BRH:4
end_of_record
