TN:
SF:src\addAndRemove.js
FN:4,(anonymous_0)
FN:10,(anonymous_1)
FN:11,(anonymous_2)
FN:18,(anonymous_3)
FN:38,(anonymous_4)
FN:48,(anonymous_5)
FN:55,(anonymous_6)
FNF:7
FNH:6
FNDA:2,(anonymous_0)
FNDA:3,(anonymous_1)
FNDA:4,(anonymous_2)
FNDA:3,(anonymous_3)
FNDA:1,(anonymous_4)
FNDA:4,(anonymous_5)
FNDA:0,(anonymous_6)
DA:1,1
DA:5,2
DA:6,2
DA:7,2
DA:11,4
DA:19,3
DA:20,2
DA:21,2
DA:24,3
DA:25,3
DA:29,2
DA:30,2
DA:32,2
DA:33,2
DA:34,2
DA:35,2
DA:40,1
DA:41,1
DA:42,1
DA:43,1
DA:44,1
DA:45,1
DA:49,4
DA:50,9
DA:52,4
DA:56,0
DA:57,0
DA:58,0
DA:59,0
DA:60,0
DA:63,0
LF:31
LH:25
BRDA:4,0,0,2
BRDA:19,1,0,2
BRDA:19,1,1,1
BRDA:25,2,0,1
BRDA:25,2,1,2
BRDA:58,3,0,0
BRDA:58,3,1,0
BRF:7
BRH:5
end_of_record
